#
# There is insufficient memory for the Java Runtime Environment to continue.
# Native memory allocation (malloc) failed to allocate 1789136 bytes for Chunk::new
# Possible reasons:
#   The system is out of physical RAM or swap space
#   The process is running with CompressedOops enabled, and the Java Heap may be blocking the growth of the native heap
# Possible solutions:
#   Reduce memory load on the system
#   Increase physical memory or swap space
#   Check if swap backing store is full
#   Decrease Java heap size (-Xmx/-Xms)
#   Decrease number of Java threads
#   Decrease Java thread stack sizes (-Xss)
#   Set larger code cache with -XX:ReservedCodeCacheSize=
#   JVM is running with Unscaled Compressed Oops mode in which the Java heap is
#     placed in the first 4GB address space. The Java Heap base address is the
#     maximum limit for the native heap growth. Please use -XX:HeapBaseMinAddress
#     to set the Java Heap base and to place the Java Heap above 4GB virtual address.
# This output file may be truncated or incomplete.
#
#  Out of Memory Error (./open/src/hotspot/share/memory/arena.cpp:197), pid=30648, tid=25040
#
# JRE version: Java(TM) SE Runtime Environment 18.9 (11.0.13+10) (build 11.0.13+10-LTS-370)
# Java VM: Java HotSpot(TM) 64-Bit Server VM 18.9 (11.0.13+10-LTS-370, mixed mode, tiered, compressed oops, g1 gc, windows-amd64)
# No core dump will be written. Minidumps are not enabled by default on client versions of Windows
#

---------------  S U M M A R Y ------------

Command Line: --add-opens=java.base/java.util=ALL-UNNAMED --add-opens=java.base/java.lang=ALL-UNNAMED --add-opens=java.base/java.lang.invoke=ALL-UNNAMED --add-opens=java.prefs/java.util.prefs=ALL-UNNAMED --add-opens=java.base/java.nio.charset=ALL-UNNAMED --add-opens=java.base/java.net=ALL-UNNAMED --add-opens=java.base/java.util.concurrent.atomic=ALL-UNNAMED -XX:MaxMetaspaceSize=384m -XX:+HeapDumpOnOutOfMemoryError -Xms256m -Xmx512m -Dfile.encoding=utf8 -Duser.country=BR -Duser.language=pt -Duser.variant -javaagent:C:\Users\fael_\.gradle\wrapper\dists\gradle-8.1.1-bin\9wiye5v2saajue4irfo8ybqfp\gradle-8.1.1\lib\agents\gradle-instrumentation-agent-8.1.1.jar org.gradle.launcher.daemon.bootstrap.GradleDaemon 8.1.1

Host: 11th Gen Intel(R) Core(TM) i5-1135G7 @ 2.40GHz, 8 cores, 7G,  Windows 10 , 64 bit Build 22621 (10.0.22621.1778)
Time: Tue Jul  4 18:39:03 2023 Hora oficial do Brasil elapsed time: 58.748824 seconds (0d 0h 0m 58s)

---------------  T H R E A D  ---------------

Current thread (0x0000024cfe425000):  JavaThread "C2 CompilerThread0" daemon [_thread_in_native, id=25040, stack(0x000000fbc6000000,0x000000fbc6100000)]


Current CompileTask:
C2:  58748 11011 %     4       groovyjarjarantlr4.v4.runtime.atn.LexerATNSimulator::getReachableConfigSet @ 77 (198 bytes)

Stack: [0x000000fbc6000000,0x000000fbc6100000]
Native frames: (J=compiled Java code, j=interpreted, Vv=VM code, C=native code)
V  [jvm.dll+0x62870a]
V  [jvm.dll+0x761f2f]
V  [jvm.dll+0x7635d9]
V  [jvm.dll+0x763c63]
V  [jvm.dll+0x23d728]
V  [jvm.dll+0xb293c]
V  [jvm.dll+0xb2efc]
V  [jvm.dll+0x3408b7]
V  [jvm.dll+0x18c7e9]
V  [jvm.dll+0x1f8362]
V  [jvm.dll+0x1f743d]
V  [jvm.dll+0x177991]
V  [jvm.dll+0x206d84]
V  [jvm.dll+0x204ebb]
V  [jvm.dll+0x727e70]
V  [jvm.dll+0x720a54]
V  [jvm.dll+0x627606]
C  [ucrtbase.dll+0x29363]
C  [KERNEL32.DLL+0x126ad]
C  [ntdll.dll+0x5a9f8]


---------------  P R O C E S S  ---------------

Threads class SMR info:
_java_thread_list=0x0000024c9c8214d0, length=41, elements={
0x0000024cf7aeb800, 0x0000024cfdbba000, 0x0000024cfdbbd000, 0x0000024cfe421000,
0x0000024cfe422800, 0x0000024cfe423800, 0x0000024cfe425000, 0x0000024cfe434800,
0x0000024cfe486000, 0x0000024cfe593800, 0x0000024c96ffd000, 0x0000024c96e0e800,
0x0000024c96db2800, 0x0000024c96c39000, 0x0000024c96c8d800, 0x0000024c97578800,
0x0000024c9757a800, 0x0000024c9757b000, 0x0000024c97575800, 0x0000024c97578000,
0x0000024c9757c000, 0x0000024c97577000, 0x0000024cfe53c000, 0x0000024cfe53d800,
0x0000024cfe53a800, 0x0000024cfe538000, 0x0000024cfe540000, 0x0000024cfe53e800,
0x0000024cfe53f800, 0x0000024cfe546800, 0x0000024c992ba800, 0x0000024c9dc96800,
0x0000024c9dc95000, 0x0000024c9dc93800, 0x0000024c9dc94000, 0x0000024c9dc95800,
0x0000024c9dc90000, 0x0000024c9dc91000, 0x0000024c9dc97800, 0x0000024c9dc91800,
0x0000024c9dc98000
}

Java Threads: ( => current thread )
  0x0000024cf7aeb800 JavaThread "main" [_thread_blocked, id=28472, stack(0x000000fbc5400000,0x000000fbc5500000)]
  0x0000024cfdbba000 JavaThread "Reference Handler" daemon [_thread_blocked, id=29604, stack(0x000000fbc5b00000,0x000000fbc5c00000)]
  0x0000024cfdbbd000 JavaThread "Finalizer" daemon [_thread_blocked, id=30164, stack(0x000000fbc5c00000,0x000000fbc5d00000)]
  0x0000024cfe421000 JavaThread "Signal Dispatcher" daemon [_thread_blocked, id=21976, stack(0x000000fbc5d00000,0x000000fbc5e00000)]
  0x0000024cfe422800 JavaThread "Attach Listener" daemon [_thread_blocked, id=10392, stack(0x000000fbc5e00000,0x000000fbc5f00000)]
  0x0000024cfe423800 JavaThread "Service Thread" daemon [_thread_blocked, id=20976, stack(0x000000fbc5f00000,0x000000fbc6000000)]
=>0x0000024cfe425000 JavaThread "C2 CompilerThread0" daemon [_thread_in_native, id=25040, stack(0x000000fbc6000000,0x000000fbc6100000)]
  0x0000024cfe434800 JavaThread "C1 CompilerThread0" daemon [_thread_blocked, id=22620, stack(0x000000fbc6100000,0x000000fbc6200000)]
  0x0000024cfe486000 JavaThread "Sweeper thread" daemon [_thread_blocked, id=25736, stack(0x000000fbc6200000,0x000000fbc6300000)]
  0x0000024cfe593800 JavaThread "Common-Cleaner" daemon [_thread_blocked, id=8000, stack(0x000000fbc6300000,0x000000fbc6400000)]
  0x0000024c96ffd000 JavaThread "Daemon health stats" [_thread_blocked, id=5984, stack(0x000000fbc6a00000,0x000000fbc6b00000)]
  0x0000024c96e0e800 JavaThread "Incoming local TCP Connector on port 62185" [_thread_in_native, id=19956, stack(0x000000fbc6b00000,0x000000fbc6c00000)]
  0x0000024c96db2800 JavaThread "Daemon periodic checks" [_thread_blocked, id=29320, stack(0x000000fbc6c00000,0x000000fbc6d00000)]
  0x0000024c96c39000 JavaThread "Daemon" [_thread_blocked, id=23040, stack(0x000000fbc6d00000,0x000000fbc6e00000)]
  0x0000024c96c8d800 JavaThread "Daemon worker" [_thread_in_Java, id=30140, stack(0x000000fbc7000000,0x000000fbc7100000)]
  0x0000024c97578800 JavaThread "Cache worker for journal cache (C:\Users\fael_\.gradle\caches\journal-1)" [_thread_blocked, id=29112, stack(0x000000fbc7700000,0x000000fbc7800000)]
  0x0000024c9757a800 JavaThread "File lock request listener" [_thread_in_native, id=19964, stack(0x000000fbc7800000,0x000000fbc7900000)]
  0x0000024c9757b000 JavaThread "Cache worker for file hash cache (C:\Users\fael_\.gradle\caches\8.1.1\fileHashes)" [_thread_blocked, id=4664, stack(0x000000fbc7900000,0x000000fbc7a00000)]
  0x0000024c97575800 JavaThread "File watcher server" daemon [_thread_in_native, id=26468, stack(0x000000fbc7a00000,0x000000fbc7b00000)]
  0x0000024c97578000 JavaThread "File watcher consumer" daemon [_thread_blocked, id=9172, stack(0x000000fbc7b00000,0x000000fbc7c00000)]
  0x0000024c9757c000 JavaThread "jar transforms" [_thread_blocked, id=27224, stack(0x000000fbc7c00000,0x000000fbc7d00000)]
  0x0000024c97577000 JavaThread "jar transforms Thread 2" [_thread_blocked, id=5488, stack(0x000000fbc7d00000,0x000000fbc7e00000)]
  0x0000024cfe53c000 JavaThread "Cache worker for file content cache (C:\Users\fael_\.gradle\caches\8.1.1\fileContent)" [_thread_blocked, id=24392, stack(0x000000fbc8000000,0x000000fbc8100000)]
  0x0000024cfe53d800 JavaThread "Cache worker for execution history cache (C:\Users\fael_\.gradle\caches\8.1.1\executionHistory)" [_thread_blocked, id=1688, stack(0x000000fbc8300000,0x000000fbc8400000)]
  0x0000024cfe53a800 JavaThread "jar transforms Thread 3" [_thread_blocked, id=24228, stack(0x000000fbc8400000,0x000000fbc8500000)]
  0x0000024cfe538000 JavaThread "jar transforms Thread 4" [_thread_blocked, id=13968, stack(0x000000fbc8500000,0x000000fbc8600000)]
  0x0000024cfe540000 JavaThread "jar transforms Thread 5" [_thread_blocked, id=23400, stack(0x000000fbc8600000,0x000000fbc8700000)]
  0x0000024cfe53e800 JavaThread "jar transforms Thread 6" [_thread_blocked, id=23752, stack(0x000000fbc8700000,0x000000fbc8800000)]
  0x0000024cfe53f800 JavaThread "jar transforms Thread 7" [_thread_blocked, id=23320, stack(0x000000fbc8800000,0x000000fbc8900000)]
  0x0000024cfe546800 JavaThread "jar transforms Thread 8" [_thread_blocked, id=28412, stack(0x000000fbc8900000,0x000000fbc8a00000)]
  0x0000024c992ba800 JavaThread "Memory manager" [_thread_blocked, id=28356, stack(0x000000fbc5100000,0x000000fbc5200000)]
  0x0000024c9dc96800 JavaThread "included builds" [_thread_blocked, id=17628, stack(0x000000fbcdf00000,0x000000fbce000000)]
  0x0000024c9dc95000 JavaThread "Handler for socket connection from /127.0.0.1:62185 to /127.0.0.1:62215" [_thread_in_native, id=21444, stack(0x000000fbc6e00000,0x000000fbc6f00000)]
  0x0000024c9dc93800 JavaThread "Cancel handler" [_thread_blocked, id=25420, stack(0x000000fbc6f00000,0x000000fbc7000000)]
  0x0000024c9dc94000 JavaThread "Asynchronous log dispatcher for DefaultDaemonConnection: socket connection from /127.0.0.1:62185 to /127.0.0.1:62215" [_thread_blocked, id=17064, stack(0x000000fbc7100000,0x000000fbc7200000)]
  0x0000024c9dc95800 JavaThread "Stdin handler" [_thread_blocked, id=22596, stack(0x000000fbc7200000,0x000000fbc7300000)]
  0x0000024c9dc90000 JavaThread "Daemon client event forwarder" [_thread_blocked, id=28764, stack(0x000000fbc7300000,0x000000fbc7400000)]
  0x0000024c9dc91000 JavaThread "Cache worker for checksums cache (C:\Users\fael_\source\repos\comunicacao-microsservicos\product-api\.gradle\8.1.1\checksums)" [_thread_blocked, id=8976, stack(0x000000fbc7e00000,0x000000fbc7f00000)]
  0x0000024c9dc97800 JavaThread "Cache worker for cache directory md-rule (C:\Users\fael_\.gradle\caches\8.1.1\md-rule)" [_thread_blocked, id=13816, stack(0x000000fbc7f00000,0x000000fbc8000000)]
  0x0000024c9dc91800 JavaThread "Cache worker for file hash cache (C:\Users\fael_\source\repos\comunicacao-microsservicos\product-api\.gradle\8.1.1\fileHashes)" [_thread_blocked, id=11728, stack(0x000000fbc8100000,0x000000fbc8200000)]
  0x0000024c9dc98000 JavaThread "Cache worker for cache directory md-supplier (C:\Users\fael_\.gradle\caches\8.1.1\md-supplier)" [_thread_blocked, id=24636, stack(0x000000fbc8200000,0x000000fbc8300000)]

Other Threads:
  0x0000024cfdb94800 VMThread "VM Thread" [stack: 0x000000fbc5a00000,0x000000fbc5b00000] [id=30552]
  0x0000024cfe6ad800 WatcherThread [stack: 0x000000fbc6400000,0x000000fbc6500000] [id=23788]
  0x0000024cf7b00000 GCTaskThread "GC Thread#0" [stack: 0x000000fbc5500000,0x000000fbc5600000] [id=3672]
  0x0000024c96631800 GCTaskThread "GC Thread#1" [stack: 0x000000fbc6500000,0x000000fbc6600000] [id=21420]
  0x0000024c9669f800 GCTaskThread "GC Thread#2" [stack: 0x000000fbc6600000,0x000000fbc6700000] [id=30404]
  0x0000024c965d0800 GCTaskThread "GC Thread#3" [stack: 0x000000fbc6700000,0x000000fbc6800000] [id=30548]
  0x0000024c965d1000 GCTaskThread "GC Thread#4" [stack: 0x000000fbc6800000,0x000000fbc6900000] [id=15440]
  0x0000024c966bd000 GCTaskThread "GC Thread#5" [stack: 0x000000fbc6900000,0x000000fbc6a00000] [id=25368]
  0x0000024cfeaf4000 GCTaskThread "GC Thread#6" [stack: 0x000000fbc7400000,0x000000fbc7500000] [id=29816]
  0x0000024c97851800 GCTaskThread "GC Thread#7" [stack: 0x000000fbc7500000,0x000000fbc7600000] [id=10816]
  0x0000024cf7b10800 ConcurrentGCThread "G1 Main Marker" [stack: 0x000000fbc5600000,0x000000fbc5700000] [id=29204]
  0x0000024cf7b15000 ConcurrentGCThread "G1 Conc#0" [stack: 0x000000fbc5700000,0x000000fbc5800000] [id=25256]
  0x0000024cfe6a6800 ConcurrentGCThread "G1 Conc#1" [stack: 0x000000fbc7600000,0x000000fbc7700000] [id=14624]
  0x0000024cfda24800 ConcurrentGCThread "G1 Refine#0" [stack: 0x000000fbc5800000,0x000000fbc5900000] [id=25868]
  0x0000024cfda27800 ConcurrentGCThread "G1 Young RemSet Sampling" [stack: 0x000000fbc5900000,0x000000fbc5a00000] [id=28768]

Threads with active compile tasks:
C2 CompilerThread0  58812 11011 %     4       groovyjarjarantlr4.v4.runtime.atn.LexerATNSimulator::getReachableConfigSet @ 77 (198 bytes)
C1 CompilerThread0  58812 11120       2       org.codehaus.groovy.ast.ClassNode::getAllInterfaces (15 bytes)

VM state:not at safepoint (normal execution)

VM Mutex/Monitor currently owned by a thread: None

Heap address: 0x00000000e0000000, size: 512 MB, Compressed Oops mode: 32-bit
Narrow klass base: 0x0000000000000000, Narrow klass shift: 3
Compressed class space size: 394264576 Address: 0x0000000100000000

Heap:
 garbage-first heap   total 262144K, used 154658K [0x00000000e0000000, 0x0000000100000000)
  region size 1024K, 99 young (101376K), 11 survivors (11264K)
 Metaspace       used 79047K, capacity 81932K, committed 82128K, reserved 456704K
  class space    used 10336K, capacity 11462K, committed 11596K, reserved 385024K
Heap Regions: E=young(eden), S=young(survivor), O=old, HS=humongous(starts), HC=humongous(continues), CS=collection set, F=free, A=archive, TAMS=top-at-mark-start (previous, next)
|   0|0x00000000e0000000, 0x00000000e0100000, 0x00000000e0100000|100%|HS|  |TAMS 0x00000000e0100000, 0x00000000e0000000| Complete 
|   1|0x00000000e0100000, 0x00000000e0200000, 0x00000000e0200000|100%|HC|  |TAMS 0x00000000e0200000, 0x00000000e0100000| Complete 
|   2|0x00000000e0200000, 0x00000000e0300000, 0x00000000e0300000|100%|HC|  |TAMS 0x00000000e0300000, 0x00000000e0200000| Complete 
|   3|0x00000000e0300000, 0x00000000e0400000, 0x00000000e0400000|100%|HC|  |TAMS 0x00000000e0400000, 0x00000000e0300000| Complete 
|   4|0x00000000e0400000, 0x00000000e0500000, 0x00000000e0500000|100%| O|  |TAMS 0x00000000e0500000, 0x00000000e0400000| Untracked 
|   5|0x00000000e0500000, 0x00000000e0600000, 0x00000000e0600000|100%| O|  |TAMS 0x00000000e0600000, 0x00000000e0500000| Untracked 
|   6|0x00000000e0600000, 0x00000000e0700000, 0x00000000e0700000|100%| O|  |TAMS 0x00000000e0700000, 0x00000000e0600000| Untracked 
|   7|0x00000000e0700000, 0x00000000e0800000, 0x00000000e0800000|100%| O|  |TAMS 0x00000000e0800000, 0x00000000e0700000| Untracked 
|   8|0x00000000e0800000, 0x00000000e0900000, 0x00000000e0900000|100%| O|  |TAMS 0x00000000e0900000, 0x00000000e0800000| Untracked 
|   9|0x00000000e0900000, 0x00000000e0a00000, 0x00000000e0a00000|100%| O|  |TAMS 0x00000000e0a00000, 0x00000000e0900000| Untracked 
|  10|0x00000000e0a00000, 0x00000000e0b00000, 0x00000000e0b00000|100%| O|  |TAMS 0x00000000e0b00000, 0x00000000e0a00000| Untracked 
|  11|0x00000000e0b00000, 0x00000000e0c00000, 0x00000000e0c00000|100%| O|  |TAMS 0x00000000e0c00000, 0x00000000e0b00000| Untracked 
|  12|0x00000000e0c00000, 0x00000000e0d00000, 0x00000000e0d00000|100%| O|  |TAMS 0x00000000e0d00000, 0x00000000e0c00000| Untracked 
|  13|0x00000000e0d00000, 0x00000000e0e00000, 0x00000000e0e00000|100%| O|  |TAMS 0x00000000e0e00000, 0x00000000e0d00000| Untracked 
|  14|0x00000000e0e00000, 0x00000000e0f00000, 0x00000000e0f00000|100%| O|  |TAMS 0x00000000e0f00000, 0x00000000e0e00000| Untracked 
|  15|0x00000000e0f00000, 0x00000000e1000000, 0x00000000e1000000|100%| O|  |TAMS 0x00000000e1000000, 0x00000000e0f00000| Untracked 
|  16|0x00000000e1000000, 0x00000000e1100000, 0x00000000e1100000|100%| O|  |TAMS 0x00000000e1100000, 0x00000000e1000000| Untracked 
|  17|0x00000000e1100000, 0x00000000e1200000, 0x00000000e1200000|100%| O|  |TAMS 0x00000000e1200000, 0x00000000e1100000| Untracked 
|  18|0x00000000e1200000, 0x00000000e1300000, 0x00000000e1300000|100%| O|  |TAMS 0x00000000e1300000, 0x00000000e1200000| Untracked 
|  19|0x00000000e1300000, 0x00000000e1400000, 0x00000000e1400000|100%| O|  |TAMS 0x00000000e1400000, 0x00000000e1300000| Untracked 
|  20|0x00000000e1400000, 0x00000000e1500000, 0x00000000e1500000|100%| O|  |TAMS 0x00000000e1500000, 0x00000000e1400000| Untracked 
|  21|0x00000000e1500000, 0x00000000e1600000, 0x00000000e1600000|100%| O|  |TAMS 0x00000000e1600000, 0x00000000e1500000| Untracked 
|  22|0x00000000e1600000, 0x00000000e1700000, 0x00000000e1700000|100%| O|  |TAMS 0x00000000e1700000, 0x00000000e1600000| Untracked 
|  23|0x00000000e1700000, 0x00000000e1800000, 0x00000000e1800000|100%| O|  |TAMS 0x00000000e1800000, 0x00000000e1700000| Untracked 
|  24|0x00000000e1800000, 0x00000000e1900000, 0x00000000e1900000|100%| O|  |TAMS 0x00000000e1900000, 0x00000000e1800000| Untracked 
|  25|0x00000000e1900000, 0x00000000e1a00000, 0x00000000e1a00000|100%| O|  |TAMS 0x00000000e1a00000, 0x00000000e1900000| Untracked 
|  26|0x00000000e1a00000, 0x00000000e1b00000, 0x00000000e1b00000|100%| O|  |TAMS 0x00000000e1b00000, 0x00000000e1a00000| Untracked 
|  27|0x00000000e1b00000, 0x00000000e1c00000, 0x00000000e1c00000|100%| O|  |TAMS 0x00000000e1c00000, 0x00000000e1b00000| Untracked 
|  28|0x00000000e1c00000, 0x00000000e1d00000, 0x00000000e1d00000|100%| O|  |TAMS 0x00000000e1d00000, 0x00000000e1c00000| Untracked 
|  29|0x00000000e1d00000, 0x00000000e1e00000, 0x00000000e1e00000|100%| O|  |TAMS 0x00000000e1e00000, 0x00000000e1d00000| Untracked 
|  30|0x00000000e1e00000, 0x00000000e1f00000, 0x00000000e1f00000|100%| O|  |TAMS 0x00000000e1f00000, 0x00000000e1e00000| Untracked 
|  31|0x00000000e1f00000, 0x00000000e2000000, 0x00000000e2000000|100%| O|  |TAMS 0x00000000e2000000, 0x00000000e1f00000| Untracked 
|  32|0x00000000e2000000, 0x00000000e2100000, 0x00000000e2100000|100%| O|  |TAMS 0x00000000e2100000, 0x00000000e2000000| Untracked 
|  33|0x00000000e2100000, 0x00000000e2200000, 0x00000000e2200000|100%| O|  |TAMS 0x00000000e2200000, 0x00000000e2100000| Untracked 
|  34|0x00000000e2200000, 0x00000000e2300000, 0x00000000e2300000|100%| O|  |TAMS 0x00000000e2300000, 0x00000000e2200000| Untracked 
|  35|0x00000000e2300000, 0x00000000e2400000, 0x00000000e2400000|100%| O|  |TAMS 0x00000000e2400000, 0x00000000e2300000| Untracked 
|  36|0x00000000e2400000, 0x00000000e2500000, 0x00000000e2500000|100%| O|  |TAMS 0x00000000e2500000, 0x00000000e2400000| Untracked 
|  37|0x00000000e2500000, 0x00000000e2600000, 0x00000000e2600000|100%| O|  |TAMS 0x00000000e2600000, 0x00000000e2500000| Untracked 
|  38|0x00000000e2600000, 0x00000000e2700000, 0x00000000e2700000|100%| O|  |TAMS 0x00000000e2700000, 0x00000000e2600000| Untracked 
|  39|0x00000000e2700000, 0x00000000e2800000, 0x00000000e2800000|100%| O|  |TAMS 0x00000000e2741200, 0x00000000e2700000| Untracked 
|  40|0x00000000e2800000, 0x00000000e2900000, 0x00000000e2900000|100%| O|  |TAMS 0x00000000e2800000, 0x00000000e2800000| Untracked 
|  41|0x00000000e2900000, 0x00000000e2a00000, 0x00000000e2a00000|100%| O|  |TAMS 0x00000000e2900000, 0x00000000e2900000| Untracked 
|  42|0x00000000e2a00000, 0x00000000e2b00000, 0x00000000e2b00000|100%| O|  |TAMS 0x00000000e2a00000, 0x00000000e2a00000| Untracked 
|  43|0x00000000e2b00000, 0x00000000e2c00000, 0x00000000e2c00000|100%| O|  |TAMS 0x00000000e2b00000, 0x00000000e2b00000| Untracked 
|  44|0x00000000e2c00000, 0x00000000e2d00000, 0x00000000e2d00000|100%| O|  |TAMS 0x00000000e2c00000, 0x00000000e2c00000| Untracked 
|  45|0x00000000e2d00000, 0x00000000e2e00000, 0x00000000e2e00000|100%| O|  |TAMS 0x00000000e2d00000, 0x00000000e2d00000| Untracked 
|  46|0x00000000e2e00000, 0x00000000e2f00000, 0x00000000e2f00000|100%| O|  |TAMS 0x00000000e2e00000, 0x00000000e2e00000| Untracked 
|  47|0x00000000e2f00000, 0x00000000e3000000, 0x00000000e3000000|100%| O|  |TAMS 0x00000000e2f00000, 0x00000000e2f00000| Untracked 
|  48|0x00000000e3000000, 0x00000000e3100000, 0x00000000e3100000|100%| O|  |TAMS 0x00000000e3000000, 0x00000000e3000000| Untracked 
|  49|0x00000000e3100000, 0x00000000e3200000, 0x00000000e3200000|100%| O|  |TAMS 0x00000000e3100000, 0x00000000e3100000| Untracked 
|  50|0x00000000e3200000, 0x00000000e3300000, 0x00000000e3300000|100%| O|  |TAMS 0x00000000e3200000, 0x00000000e3200000| Untracked 
|  51|0x00000000e3300000, 0x00000000e3400000, 0x00000000e3400000|100%| O|  |TAMS 0x00000000e3300000, 0x00000000e3300000| Untracked 
|  52|0x00000000e3400000, 0x00000000e3500000, 0x00000000e3500000|100%| O|  |TAMS 0x00000000e3400000, 0x00000000e3400000| Untracked 
|  53|0x00000000e3500000, 0x00000000e35a8000, 0x00000000e3600000| 65%| O|  |TAMS 0x00000000e3500000, 0x00000000e3500000| Untracked 
|  54|0x00000000e3600000, 0x00000000e3600000, 0x00000000e3700000|  0%| F|  |TAMS 0x00000000e3600000, 0x00000000e3600000| Untracked 
|  55|0x00000000e3700000, 0x00000000e3700000, 0x00000000e3800000|  0%| F|  |TAMS 0x00000000e3700000, 0x00000000e3700000| Untracked 
|  56|0x00000000e3800000, 0x00000000e3800000, 0x00000000e3900000|  0%| F|  |TAMS 0x00000000e3800000, 0x00000000e3800000| Untracked 
|  57|0x00000000e3900000, 0x00000000e3900000, 0x00000000e3a00000|  0%| F|  |TAMS 0x00000000e3900000, 0x00000000e3900000| Untracked 
|  58|0x00000000e3a00000, 0x00000000e3a00000, 0x00000000e3b00000|  0%| F|  |TAMS 0x00000000e3a00000, 0x00000000e3a00000| Untracked 
|  59|0x00000000e3b00000, 0x00000000e3b00000, 0x00000000e3c00000|  0%| F|  |TAMS 0x00000000e3b00000, 0x00000000e3b00000| Untracked 
|  60|0x00000000e3c00000, 0x00000000e3c00000, 0x00000000e3d00000|  0%| F|  |TAMS 0x00000000e3c00000, 0x00000000e3c00000| Untracked 
|  61|0x00000000e3d00000, 0x00000000e3d00000, 0x00000000e3e00000|  0%| F|  |TAMS 0x00000000e3d00000, 0x00000000e3d00000| Untracked 
|  62|0x00000000e3e00000, 0x00000000e3e00000, 0x00000000e3f00000|  0%| F|  |TAMS 0x00000000e3e00000, 0x00000000e3e00000| Untracked 
|  63|0x00000000e3f00000, 0x00000000e3f00000, 0x00000000e4000000|  0%| F|  |TAMS 0x00000000e3f00000, 0x00000000e3f00000| Untracked 
|  64|0x00000000e4000000, 0x00000000e4000000, 0x00000000e4100000|  0%| F|  |TAMS 0x00000000e4000000, 0x00000000e4000000| Untracked 
|  65|0x00000000e4100000, 0x00000000e4100000, 0x00000000e4200000|  0%| F|  |TAMS 0x00000000e4100000, 0x00000000e4100000| Untracked 
|  66|0x00000000e4200000, 0x00000000e4200000, 0x00000000e4300000|  0%| F|  |TAMS 0x00000000e4200000, 0x00000000e4200000| Untracked 
|  67|0x00000000e4300000, 0x00000000e4300000, 0x00000000e4400000|  0%| F|  |TAMS 0x00000000e4300000, 0x00000000e4300000| Untracked 
|  68|0x00000000e4400000, 0x00000000e4400000, 0x00000000e4500000|  0%| F|  |TAMS 0x00000000e4400000, 0x00000000e4400000| Untracked 
|  69|0x00000000e4500000, 0x00000000e4500000, 0x00000000e4600000|  0%| F|  |TAMS 0x00000000e4500000, 0x00000000e4500000| Untracked 
|  70|0x00000000e4600000, 0x00000000e4600000, 0x00000000e4700000|  0%| F|  |TAMS 0x00000000e4600000, 0x00000000e4600000| Untracked 
|  71|0x00000000e4700000, 0x00000000e4700000, 0x00000000e4800000|  0%| F|  |TAMS 0x00000000e4700000, 0x00000000e4700000| Untracked 
|  72|0x00000000e4800000, 0x00000000e4800000, 0x00000000e4900000|  0%| F|  |TAMS 0x00000000e4800000, 0x00000000e4800000| Untracked 
|  73|0x00000000e4900000, 0x00000000e4900000, 0x00000000e4a00000|  0%| F|  |TAMS 0x00000000e4900000, 0x00000000e4900000| Untracked 
|  74|0x00000000e4a00000, 0x00000000e4a00000, 0x00000000e4b00000|  0%| F|  |TAMS 0x00000000e4a00000, 0x00000000e4a00000| Untracked 
|  75|0x00000000e4b00000, 0x00000000e4b00000, 0x00000000e4c00000|  0%| F|  |TAMS 0x00000000e4b00000, 0x00000000e4b00000| Untracked 
|  76|0x00000000e4c00000, 0x00000000e4c00000, 0x00000000e4d00000|  0%| F|  |TAMS 0x00000000e4c00000, 0x00000000e4c00000| Untracked 
|  77|0x00000000e4d00000, 0x00000000e4d00000, 0x00000000e4e00000|  0%| F|  |TAMS 0x00000000e4d00000, 0x00000000e4d00000| Untracked 
|  78|0x00000000e4e00000, 0x00000000e4e00000, 0x00000000e4f00000|  0%| F|  |TAMS 0x00000000e4e00000, 0x00000000e4e00000| Untracked 
|  79|0x00000000e4f00000, 0x00000000e4f00000, 0x00000000e5000000|  0%| F|  |TAMS 0x00000000e4f00000, 0x00000000e4f00000| Untracked 
|  80|0x00000000e5000000, 0x00000000e5000000, 0x00000000e5100000|  0%| F|  |TAMS 0x00000000e5000000, 0x00000000e5000000| Untracked 
|  81|0x00000000e5100000, 0x00000000e5100000, 0x00000000e5200000|  0%| F|  |TAMS 0x00000000e5100000, 0x00000000e5100000| Untracked 
|  82|0x00000000e5200000, 0x00000000e5200000, 0x00000000e5300000|  0%| F|  |TAMS 0x00000000e5200000, 0x00000000e5200000| Untracked 
|  83|0x00000000e5300000, 0x00000000e5300000, 0x00000000e5400000|  0%| F|  |TAMS 0x00000000e5300000, 0x00000000e5300000| Untracked 
|  84|0x00000000e5400000, 0x00000000e5400000, 0x00000000e5500000|  0%| F|  |TAMS 0x00000000e5400000, 0x00000000e5400000| Untracked 
|  85|0x00000000e5500000, 0x00000000e5500000, 0x00000000e5600000|  0%| F|  |TAMS 0x00000000e5500000, 0x00000000e5500000| Untracked 
|  86|0x00000000e5600000, 0x00000000e5600000, 0x00000000e5700000|  0%| F|  |TAMS 0x00000000e5600000, 0x00000000e5600000| Untracked 
|  87|0x00000000e5700000, 0x00000000e5700000, 0x00000000e5800000|  0%| F|  |TAMS 0x00000000e5700000, 0x00000000e5700000| Untracked 
|  88|0x00000000e5800000, 0x00000000e5800000, 0x00000000e5900000|  0%| F|  |TAMS 0x00000000e5800000, 0x00000000e5800000| Untracked 
|  89|0x00000000e5900000, 0x00000000e5900000, 0x00000000e5a00000|  0%| F|  |TAMS 0x00000000e5900000, 0x00000000e5900000| Untracked 
|  90|0x00000000e5a00000, 0x00000000e5a00000, 0x00000000e5b00000|  0%| F|  |TAMS 0x00000000e5a00000, 0x00000000e5a00000| Untracked 
|  91|0x00000000e5b00000, 0x00000000e5b00000, 0x00000000e5c00000|  0%| F|  |TAMS 0x00000000e5b00000, 0x00000000e5b00000| Untracked 
|  92|0x00000000e5c00000, 0x00000000e5c00000, 0x00000000e5d00000|  0%| F|  |TAMS 0x00000000e5c00000, 0x00000000e5c00000| Untracked 
|  93|0x00000000e5d00000, 0x00000000e5d00000, 0x00000000e5e00000|  0%| F|  |TAMS 0x00000000e5d00000, 0x00000000e5d00000| Untracked 
|  94|0x00000000e5e00000, 0x00000000e5e00000, 0x00000000e5f00000|  0%| F|  |TAMS 0x00000000e5e00000, 0x00000000e5e00000| Untracked 
|  95|0x00000000e5f00000, 0x00000000e5f60a40, 0x00000000e6000000| 37%| S|CS|TAMS 0x00000000e5f00000, 0x00000000e5f00000| Complete 
|  96|0x00000000e6000000, 0x00000000e6100000, 0x00000000e6100000|100%| S|CS|TAMS 0x00000000e6000000, 0x00000000e6000000| Complete 
|  97|0x00000000e6100000, 0x00000000e6200000, 0x00000000e6200000|100%| S|CS|TAMS 0x00000000e6100000, 0x00000000e6100000| Complete 
|  98|0x00000000e6200000, 0x00000000e6300000, 0x00000000e6300000|100%| S|CS|TAMS 0x00000000e6200000, 0x00000000e6200000| Complete 
|  99|0x00000000e6300000, 0x00000000e6400000, 0x00000000e6400000|100%| S|CS|TAMS 0x00000000e6300000, 0x00000000e6300000| Complete 
| 100|0x00000000e6400000, 0x00000000e6500000, 0x00000000e6500000|100%| S|CS|TAMS 0x00000000e6400000, 0x00000000e6400000| Complete 
| 101|0x00000000e6500000, 0x00000000e6600000, 0x00000000e6600000|100%| S|CS|TAMS 0x00000000e6500000, 0x00000000e6500000| Complete 
| 102|0x00000000e6600000, 0x00000000e6700000, 0x00000000e6700000|100%| S|CS|TAMS 0x00000000e6600000, 0x00000000e6600000| Complete 
| 103|0x00000000e6700000, 0x00000000e6700000, 0x00000000e6800000|  0%| F|  |TAMS 0x00000000e6700000, 0x00000000e6700000| Untracked 
| 104|0x00000000e6800000, 0x00000000e6800000, 0x00000000e6900000|  0%| F|  |TAMS 0x00000000e6800000, 0x00000000e6800000| Untracked 
| 105|0x00000000e6900000, 0x00000000e6900000, 0x00000000e6a00000|  0%| F|  |TAMS 0x00000000e6900000, 0x00000000e6900000| Untracked 
| 106|0x00000000e6a00000, 0x00000000e6a00000, 0x00000000e6b00000|  0%| F|  |TAMS 0x00000000e6a00000, 0x00000000e6a00000| Untracked 
| 107|0x00000000e6b00000, 0x00000000e6b00000, 0x00000000e6c00000|  0%| F|  |TAMS 0x00000000e6b00000, 0x00000000e6b00000| Untracked 
| 108|0x00000000e6c00000, 0x00000000e6c00000, 0x00000000e6d00000|  0%| F|  |TAMS 0x00000000e6c00000, 0x00000000e6c00000| Untracked 
| 109|0x00000000e6d00000, 0x00000000e6d00000, 0x00000000e6e00000|  0%| F|  |TAMS 0x00000000e6d00000, 0x00000000e6d00000| Untracked 
| 110|0x00000000e6e00000, 0x00000000e6e00000, 0x00000000e6f00000|  0%| F|  |TAMS 0x00000000e6e00000, 0x00000000e6e00000| Untracked 
| 111|0x00000000e6f00000, 0x00000000e6f00000, 0x00000000e7000000|  0%| F|  |TAMS 0x00000000e6f00000, 0x00000000e6f00000| Untracked 
| 112|0x00000000e7000000, 0x00000000e7000000, 0x00000000e7100000|  0%| F|  |TAMS 0x00000000e7000000, 0x00000000e7000000| Untracked 
| 113|0x00000000e7100000, 0x00000000e7100000, 0x00000000e7200000|  0%| F|  |TAMS 0x00000000e7100000, 0x00000000e7100000| Untracked 
| 114|0x00000000e7200000, 0x00000000e7200000, 0x00000000e7300000|  0%| F|  |TAMS 0x00000000e7200000, 0x00000000e7200000| Untracked 
| 115|0x00000000e7300000, 0x00000000e7300000, 0x00000000e7400000|  0%| F|  |TAMS 0x00000000e7300000, 0x00000000e7300000| Untracked 
| 116|0x00000000e7400000, 0x00000000e7400000, 0x00000000e7500000|  0%| F|  |TAMS 0x00000000e7400000, 0x00000000e7400000| Untracked 
| 117|0x00000000e7500000, 0x00000000e7500000, 0x00000000e7600000|  0%| F|  |TAMS 0x00000000e7500000, 0x00000000e7500000| Untracked 
| 118|0x00000000e7600000, 0x00000000e7700000, 0x00000000e7700000|100%| S|CS|TAMS 0x00000000e7600000, 0x00000000e7600000| Complete 
| 119|0x00000000e7700000, 0x00000000e7800000, 0x00000000e7800000|100%| S|CS|TAMS 0x00000000e7700000, 0x00000000e7700000| Complete 
| 120|0x00000000e7800000, 0x00000000e7900000, 0x00000000e7900000|100%| S|CS|TAMS 0x00000000e7800000, 0x00000000e7800000| Complete 
| 121|0x00000000e7900000, 0x00000000e7900000, 0x00000000e7a00000|  0%| F|  |TAMS 0x00000000e7900000, 0x00000000e7900000| Untracked 
| 122|0x00000000e7a00000, 0x00000000e7a00000, 0x00000000e7b00000|  0%| F|  |TAMS 0x00000000e7a00000, 0x00000000e7a00000| Untracked 
| 123|0x00000000e7b00000, 0x00000000e7b00000, 0x00000000e7c00000|  0%| F|  |TAMS 0x00000000e7b00000, 0x00000000e7b00000| Untracked 
| 124|0x00000000e7c00000, 0x00000000e7c00000, 0x00000000e7d00000|  0%| F|  |TAMS 0x00000000e7c00000, 0x00000000e7c00000| Untracked 
| 125|0x00000000e7d00000, 0x00000000e7d00000, 0x00000000e7e00000|  0%| F|  |TAMS 0x00000000e7d00000, 0x00000000e7d00000| Untracked 
| 126|0x00000000e7e00000, 0x00000000e7e00000, 0x00000000e7f00000|  0%| F|  |TAMS 0x00000000e7e00000, 0x00000000e7e00000| Untracked 
| 127|0x00000000e7f00000, 0x00000000e7f00000, 0x00000000e8000000|  0%| F|  |TAMS 0x00000000e7f00000, 0x00000000e7f00000| Untracked 
| 128|0x00000000e8000000, 0x00000000e8000000, 0x00000000e8100000|  0%| F|  |TAMS 0x00000000e8000000, 0x00000000e8000000| Untracked 
| 129|0x00000000e8100000, 0x00000000e8100000, 0x00000000e8200000|  0%| F|  |TAMS 0x00000000e8100000, 0x00000000e8100000| Untracked 
| 130|0x00000000e8200000, 0x00000000e8200000, 0x00000000e8300000|  0%| F|  |TAMS 0x00000000e8200000, 0x00000000e8200000| Untracked 
| 131|0x00000000e8300000, 0x00000000e8300000, 0x00000000e8400000|  0%| F|  |TAMS 0x00000000e8300000, 0x00000000e8300000| Untracked 
| 132|0x00000000e8400000, 0x00000000e8400000, 0x00000000e8500000|  0%| F|  |TAMS 0x00000000e8400000, 0x00000000e8400000| Untracked 
| 133|0x00000000e8500000, 0x00000000e8500000, 0x00000000e8600000|  0%| F|  |TAMS 0x00000000e8500000, 0x00000000e8500000| Untracked 
| 134|0x00000000e8600000, 0x00000000e8600000, 0x00000000e8700000|  0%| F|  |TAMS 0x00000000e8600000, 0x00000000e8600000| Untracked 
| 135|0x00000000e8700000, 0x00000000e8700000, 0x00000000e8800000|  0%| F|  |TAMS 0x00000000e8700000, 0x00000000e8700000| Untracked 
| 136|0x00000000e8800000, 0x00000000e8800000, 0x00000000e8900000|  0%| F|  |TAMS 0x00000000e8800000, 0x00000000e8800000| Untracked 
| 137|0x00000000e8900000, 0x00000000e8900000, 0x00000000e8a00000|  0%| F|  |TAMS 0x00000000e8900000, 0x00000000e8900000| Untracked 
| 138|0x00000000e8a00000, 0x00000000e8a00000, 0x00000000e8b00000|  0%| F|  |TAMS 0x00000000e8a00000, 0x00000000e8a00000| Untracked 
| 139|0x00000000e8b00000, 0x00000000e8b00000, 0x00000000e8c00000|  0%| F|  |TAMS 0x00000000e8b00000, 0x00000000e8b00000| Untracked 
| 140|0x00000000e8c00000, 0x00000000e8c00000, 0x00000000e8d00000|  0%| F|  |TAMS 0x00000000e8c00000, 0x00000000e8c00000| Untracked 
| 141|0x00000000e8d00000, 0x00000000e8d00000, 0x00000000e8e00000|  0%| F|  |TAMS 0x00000000e8d00000, 0x00000000e8d00000| Untracked 
| 142|0x00000000e8e00000, 0x00000000e8e00000, 0x00000000e8f00000|  0%| F|  |TAMS 0x00000000e8e00000, 0x00000000e8e00000| Untracked 
| 143|0x00000000e8f00000, 0x00000000e8f00000, 0x00000000e9000000|  0%| F|  |TAMS 0x00000000e8f00000, 0x00000000e8f00000| Untracked 
| 144|0x00000000e9000000, 0x00000000e9000000, 0x00000000e9100000|  0%| F|  |TAMS 0x00000000e9000000, 0x00000000e9000000| Untracked 
| 145|0x00000000e9100000, 0x00000000e9100000, 0x00000000e9200000|  0%| F|  |TAMS 0x00000000e9100000, 0x00000000e9100000| Untracked 
| 146|0x00000000e9200000, 0x00000000e9200000, 0x00000000e9300000|  0%| F|  |TAMS 0x00000000e9200000, 0x00000000e9200000| Untracked 
| 147|0x00000000e9300000, 0x00000000e9300000, 0x00000000e9400000|  0%| F|  |TAMS 0x00000000e9300000, 0x00000000e9300000| Untracked 
| 148|0x00000000e9400000, 0x00000000e9400000, 0x00000000e9500000|  0%| F|  |TAMS 0x00000000e9400000, 0x00000000e9400000| Untracked 
| 149|0x00000000e9500000, 0x00000000e9500000, 0x00000000e9600000|  0%| F|  |TAMS 0x00000000e9500000, 0x00000000e9500000| Untracked 
| 150|0x00000000e9600000, 0x00000000e9600000, 0x00000000e9700000|  0%| F|  |TAMS 0x00000000e9600000, 0x00000000e9600000| Untracked 
| 151|0x00000000e9700000, 0x00000000e9700000, 0x00000000e9800000|  0%| F|  |TAMS 0x00000000e9700000, 0x00000000e9700000| Untracked 
| 152|0x00000000e9800000, 0x00000000e9800000, 0x00000000e9900000|  0%| F|  |TAMS 0x00000000e9800000, 0x00000000e9800000| Untracked 
| 153|0x00000000e9900000, 0x00000000e9900000, 0x00000000e9a00000|  0%| F|  |TAMS 0x00000000e9900000, 0x00000000e9900000| Untracked 
| 154|0x00000000e9a00000, 0x00000000e9a00000, 0x00000000e9b00000|  0%| F|  |TAMS 0x00000000e9a00000, 0x00000000e9a00000| Untracked 
| 155|0x00000000e9b00000, 0x00000000e9b00000, 0x00000000e9c00000|  0%| F|  |TAMS 0x00000000e9b00000, 0x00000000e9b00000| Untracked 
| 156|0x00000000e9c00000, 0x00000000e9c00000, 0x00000000e9d00000|  0%| F|  |TAMS 0x00000000e9c00000, 0x00000000e9c00000| Untracked 
| 157|0x00000000e9d00000, 0x00000000e9d00000, 0x00000000e9e00000|  0%| F|  |TAMS 0x00000000e9d00000, 0x00000000e9d00000| Untracked 
| 158|0x00000000e9e00000, 0x00000000e9e00000, 0x00000000e9f00000|  0%| F|  |TAMS 0x00000000e9e00000, 0x00000000e9e00000| Untracked 
| 159|0x00000000e9f00000, 0x00000000e9f00000, 0x00000000ea000000|  0%| F|  |TAMS 0x00000000e9f00000, 0x00000000e9f00000| Untracked 
| 160|0x00000000ea000000, 0x00000000ea000000, 0x00000000ea100000|  0%| F|  |TAMS 0x00000000ea000000, 0x00000000ea000000| Untracked 
| 161|0x00000000ea100000, 0x00000000ea100000, 0x00000000ea200000|  0%| F|  |TAMS 0x00000000ea100000, 0x00000000ea100000| Untracked 
| 162|0x00000000ea200000, 0x00000000ea200000, 0x00000000ea300000|  0%| F|  |TAMS 0x00000000ea200000, 0x00000000ea200000| Untracked 
| 163|0x00000000ea300000, 0x00000000ea300000, 0x00000000ea400000|  0%| F|  |TAMS 0x00000000ea300000, 0x00000000ea300000| Untracked 
| 164|0x00000000ea400000, 0x00000000ea400000, 0x00000000ea500000|  0%| F|  |TAMS 0x00000000ea400000, 0x00000000ea400000| Untracked 
| 165|0x00000000ea500000, 0x00000000ea500000, 0x00000000ea600000|  0%| F|  |TAMS 0x00000000ea500000, 0x00000000ea500000| Untracked 
| 166|0x00000000ea600000, 0x00000000ea600000, 0x00000000ea700000|  0%| F|  |TAMS 0x00000000ea600000, 0x00000000ea600000| Untracked 
| 167|0x00000000ea700000, 0x00000000ea780800, 0x00000000ea800000| 50%| E|  |TAMS 0x00000000ea700000, 0x00000000ea700000| Complete 
| 168|0x00000000ea800000, 0x00000000ea900000, 0x00000000ea900000|100%| E|CS|TAMS 0x00000000ea800000, 0x00000000ea800000| Complete 
| 169|0x00000000ea900000, 0x00000000eaa00000, 0x00000000eaa00000|100%| E|CS|TAMS 0x00000000ea900000, 0x00000000ea900000| Complete 
| 170|0x00000000eaa00000, 0x00000000eab00000, 0x00000000eab00000|100%| E|CS|TAMS 0x00000000eaa00000, 0x00000000eaa00000| Complete 
| 171|0x00000000eab00000, 0x00000000eac00000, 0x00000000eac00000|100%| E|CS|TAMS 0x00000000eab00000, 0x00000000eab00000| Complete 
| 172|0x00000000eac00000, 0x00000000ead00000, 0x00000000ead00000|100%| E|CS|TAMS 0x00000000eac00000, 0x00000000eac00000| Complete 
| 173|0x00000000ead00000, 0x00000000eae00000, 0x00000000eae00000|100%| E|CS|TAMS 0x00000000ead00000, 0x00000000ead00000| Complete 
| 174|0x00000000eae00000, 0x00000000eaf00000, 0x00000000eaf00000|100%| E|CS|TAMS 0x00000000eae00000, 0x00000000eae00000| Complete 
| 175|0x00000000eaf00000, 0x00000000eb000000, 0x00000000eb000000|100%| E|CS|TAMS 0x00000000eaf00000, 0x00000000eaf00000| Complete 
| 176|0x00000000eb000000, 0x00000000eb100000, 0x00000000eb100000|100%| E|CS|TAMS 0x00000000eb000000, 0x00000000eb000000| Complete 
| 177|0x00000000eb100000, 0x00000000eb200000, 0x00000000eb200000|100%| E|CS|TAMS 0x00000000eb100000, 0x00000000eb100000| Complete 
| 178|0x00000000eb200000, 0x00000000eb300000, 0x00000000eb300000|100%| E|CS|TAMS 0x00000000eb200000, 0x00000000eb200000| Complete 
| 179|0x00000000eb300000, 0x00000000eb400000, 0x00000000eb400000|100%| E|CS|TAMS 0x00000000eb300000, 0x00000000eb300000| Complete 
| 180|0x00000000eb400000, 0x00000000eb500000, 0x00000000eb500000|100%| E|CS|TAMS 0x00000000eb400000, 0x00000000eb400000| Complete 
| 181|0x00000000eb500000, 0x00000000eb600000, 0x00000000eb600000|100%| E|CS|TAMS 0x00000000eb500000, 0x00000000eb500000| Complete 
| 182|0x00000000eb600000, 0x00000000eb700000, 0x00000000eb700000|100%| E|CS|TAMS 0x00000000eb600000, 0x00000000eb600000| Complete 
| 183|0x00000000eb700000, 0x00000000eb800000, 0x00000000eb800000|100%| E|CS|TAMS 0x00000000eb700000, 0x00000000eb700000| Complete 
| 184|0x00000000eb800000, 0x00000000eb900000, 0x00000000eb900000|100%| E|CS|TAMS 0x00000000eb800000, 0x00000000eb800000| Complete 
| 185|0x00000000eb900000, 0x00000000eba00000, 0x00000000eba00000|100%| E|CS|TAMS 0x00000000eb900000, 0x00000000eb900000| Complete 
| 186|0x00000000eba00000, 0x00000000ebb00000, 0x00000000ebb00000|100%| E|CS|TAMS 0x00000000eba00000, 0x00000000eba00000| Complete 
| 187|0x00000000ebb00000, 0x00000000ebc00000, 0x00000000ebc00000|100%| E|CS|TAMS 0x00000000ebb00000, 0x00000000ebb00000| Complete 
| 188|0x00000000ebc00000, 0x00000000ebd00000, 0x00000000ebd00000|100%| E|CS|TAMS 0x00000000ebc00000, 0x00000000ebc00000| Complete 
| 189|0x00000000ebd00000, 0x00000000ebe00000, 0x00000000ebe00000|100%| E|CS|TAMS 0x00000000ebd00000, 0x00000000ebd00000| Complete 
| 190|0x00000000ebe00000, 0x00000000ebf00000, 0x00000000ebf00000|100%| E|CS|TAMS 0x00000000ebe00000, 0x00000000ebe00000| Complete 
| 191|0x00000000ebf00000, 0x00000000ec000000, 0x00000000ec000000|100%| E|CS|TAMS 0x00000000ebf00000, 0x00000000ebf00000| Complete 
| 192|0x00000000ec000000, 0x00000000ec100000, 0x00000000ec100000|100%| E|CS|TAMS 0x00000000ec000000, 0x00000000ec000000| Complete 
| 193|0x00000000ec100000, 0x00000000ec200000, 0x00000000ec200000|100%| E|CS|TAMS 0x00000000ec100000, 0x00000000ec100000| Complete 
| 194|0x00000000ec200000, 0x00000000ec300000, 0x00000000ec300000|100%| E|CS|TAMS 0x00000000ec200000, 0x00000000ec200000| Complete 
| 195|0x00000000ec300000, 0x00000000ec400000, 0x00000000ec400000|100%| E|CS|TAMS 0x00000000ec300000, 0x00000000ec300000| Complete 
| 196|0x00000000ec400000, 0x00000000ec500000, 0x00000000ec500000|100%| E|CS|TAMS 0x00000000ec400000, 0x00000000ec400000| Complete 
| 197|0x00000000ec500000, 0x00000000ec600000, 0x00000000ec600000|100%| E|CS|TAMS 0x00000000ec500000, 0x00000000ec500000| Complete 
| 198|0x00000000ec600000, 0x00000000ec700000, 0x00000000ec700000|100%| E|CS|TAMS 0x00000000ec600000, 0x00000000ec600000| Complete 
| 199|0x00000000ec700000, 0x00000000ec800000, 0x00000000ec800000|100%| E|CS|TAMS 0x00000000ec700000, 0x00000000ec700000| Complete 
| 200|0x00000000ec800000, 0x00000000ec900000, 0x00000000ec900000|100%| E|CS|TAMS 0x00000000ec800000, 0x00000000ec800000| Complete 
| 201|0x00000000ec900000, 0x00000000eca00000, 0x00000000eca00000|100%| E|CS|TAMS 0x00000000ec900000, 0x00000000ec900000| Complete 
| 202|0x00000000eca00000, 0x00000000ecb00000, 0x00000000ecb00000|100%| E|CS|TAMS 0x00000000eca00000, 0x00000000eca00000| Complete 
| 203|0x00000000ecb00000, 0x00000000ecc00000, 0x00000000ecc00000|100%| E|CS|TAMS 0x00000000ecb00000, 0x00000000ecb00000| Complete 
| 204|0x00000000ecc00000, 0x00000000ecd00000, 0x00000000ecd00000|100%| E|CS|TAMS 0x00000000ecc00000, 0x00000000ecc00000| Complete 
| 205|0x00000000ecd00000, 0x00000000ece00000, 0x00000000ece00000|100%| E|CS|TAMS 0x00000000ecd00000, 0x00000000ecd00000| Complete 
| 206|0x00000000ece00000, 0x00000000ecf00000, 0x00000000ecf00000|100%| E|CS|TAMS 0x00000000ece00000, 0x00000000ece00000| Complete 
| 207|0x00000000ecf00000, 0x00000000ed000000, 0x00000000ed000000|100%| E|CS|TAMS 0x00000000ecf00000, 0x00000000ecf00000| Complete 
| 208|0x00000000ed000000, 0x00000000ed100000, 0x00000000ed100000|100%| E|CS|TAMS 0x00000000ed000000, 0x00000000ed000000| Complete 
| 209|0x00000000ed100000, 0x00000000ed200000, 0x00000000ed200000|100%| E|CS|TAMS 0x00000000ed100000, 0x00000000ed100000| Complete 
| 210|0x00000000ed200000, 0x00000000ed300000, 0x00000000ed300000|100%| E|CS|TAMS 0x00000000ed200000, 0x00000000ed200000| Complete 
| 211|0x00000000ed300000, 0x00000000ed400000, 0x00000000ed400000|100%| E|CS|TAMS 0x00000000ed300000, 0x00000000ed300000| Complete 
| 212|0x00000000ed400000, 0x00000000ed500000, 0x00000000ed500000|100%| E|CS|TAMS 0x00000000ed400000, 0x00000000ed400000| Complete 
| 213|0x00000000ed500000, 0x00000000ed600000, 0x00000000ed600000|100%| E|CS|TAMS 0x00000000ed500000, 0x00000000ed500000| Complete 
| 214|0x00000000ed600000, 0x00000000ed700000, 0x00000000ed700000|100%| E|CS|TAMS 0x00000000ed600000, 0x00000000ed600000| Complete 
| 215|0x00000000ed700000, 0x00000000ed800000, 0x00000000ed800000|100%| E|CS|TAMS 0x00000000ed700000, 0x00000000ed700000| Complete 
| 216|0x00000000ed800000, 0x00000000ed900000, 0x00000000ed900000|100%| E|CS|TAMS 0x00000000ed800000, 0x00000000ed800000| Complete 
| 217|0x00000000ed900000, 0x00000000eda00000, 0x00000000eda00000|100%| E|CS|TAMS 0x00000000ed900000, 0x00000000ed900000| Complete 
| 218|0x00000000eda00000, 0x00000000edb00000, 0x00000000edb00000|100%| E|CS|TAMS 0x00000000eda00000, 0x00000000eda00000| Complete 
| 219|0x00000000edb00000, 0x00000000edc00000, 0x00000000edc00000|100%| E|CS|TAMS 0x00000000edb00000, 0x00000000edb00000| Complete 
| 220|0x00000000edc00000, 0x00000000edd00000, 0x00000000edd00000|100%| E|CS|TAMS 0x00000000edc00000, 0x00000000edc00000| Complete 
| 221|0x00000000edd00000, 0x00000000ede00000, 0x00000000ede00000|100%| E|CS|TAMS 0x00000000edd00000, 0x00000000edd00000| Complete 
| 222|0x00000000ede00000, 0x00000000edf00000, 0x00000000edf00000|100%| E|CS|TAMS 0x00000000ede00000, 0x00000000ede00000| Complete 
| 223|0x00000000edf00000, 0x00000000ee000000, 0x00000000ee000000|100%| E|CS|TAMS 0x00000000edf00000, 0x00000000edf00000| Complete 
| 224|0x00000000ee000000, 0x00000000ee100000, 0x00000000ee100000|100%| E|CS|TAMS 0x00000000ee000000, 0x00000000ee000000| Complete 
| 225|0x00000000ee100000, 0x00000000ee200000, 0x00000000ee200000|100%| E|CS|TAMS 0x00000000ee100000, 0x00000000ee100000| Complete 
| 226|0x00000000ee200000, 0x00000000ee300000, 0x00000000ee300000|100%| E|CS|TAMS 0x00000000ee200000, 0x00000000ee200000| Complete 
| 227|0x00000000ee300000, 0x00000000ee400000, 0x00000000ee400000|100%| E|CS|TAMS 0x00000000ee300000, 0x00000000ee300000| Complete 
| 228|0x00000000ee400000, 0x00000000ee500000, 0x00000000ee500000|100%| E|CS|TAMS 0x00000000ee400000, 0x00000000ee400000| Complete 
| 229|0x00000000ee500000, 0x00000000ee600000, 0x00000000ee600000|100%| E|CS|TAMS 0x00000000ee500000, 0x00000000ee500000| Complete 
| 230|0x00000000ee600000, 0x00000000ee700000, 0x00000000ee700000|100%| E|CS|TAMS 0x00000000ee600000, 0x00000000ee600000| Complete 
| 231|0x00000000ee700000, 0x00000000ee800000, 0x00000000ee800000|100%| E|CS|TAMS 0x00000000ee700000, 0x00000000ee700000| Complete 
| 232|0x00000000ee800000, 0x00000000ee900000, 0x00000000ee900000|100%| E|CS|TAMS 0x00000000ee800000, 0x00000000ee800000| Complete 
| 233|0x00000000ee900000, 0x00000000eea00000, 0x00000000eea00000|100%| E|CS|TAMS 0x00000000ee900000, 0x00000000ee900000| Complete 
| 234|0x00000000eea00000, 0x00000000eeb00000, 0x00000000eeb00000|100%| E|CS|TAMS 0x00000000eea00000, 0x00000000eea00000| Complete 
| 235|0x00000000eeb00000, 0x00000000eec00000, 0x00000000eec00000|100%| E|CS|TAMS 0x00000000eeb00000, 0x00000000eeb00000| Complete 
| 236|0x00000000eec00000, 0x00000000eed00000, 0x00000000eed00000|100%| E|CS|TAMS 0x00000000eec00000, 0x00000000eec00000| Complete 
| 237|0x00000000eed00000, 0x00000000eee00000, 0x00000000eee00000|100%| E|CS|TAMS 0x00000000eed00000, 0x00000000eed00000| Complete 
| 238|0x00000000eee00000, 0x00000000eef00000, 0x00000000eef00000|100%| E|CS|TAMS 0x00000000eee00000, 0x00000000eee00000| Complete 
| 239|0x00000000eef00000, 0x00000000ef000000, 0x00000000ef000000|100%| E|CS|TAMS 0x00000000eef00000, 0x00000000eef00000| Complete 
| 240|0x00000000ef000000, 0x00000000ef100000, 0x00000000ef100000|100%| E|CS|TAMS 0x00000000ef000000, 0x00000000ef000000| Complete 
| 241|0x00000000ef100000, 0x00000000ef200000, 0x00000000ef200000|100%| E|CS|TAMS 0x00000000ef100000, 0x00000000ef100000| Complete 
| 242|0x00000000ef200000, 0x00000000ef300000, 0x00000000ef300000|100%| E|CS|TAMS 0x00000000ef200000, 0x00000000ef200000| Complete 
| 243|0x00000000ef300000, 0x00000000ef400000, 0x00000000ef400000|100%| E|CS|TAMS 0x00000000ef300000, 0x00000000ef300000| Complete 
| 244|0x00000000ef400000, 0x00000000ef500000, 0x00000000ef500000|100%| E|CS|TAMS 0x00000000ef400000, 0x00000000ef400000| Complete 
| 245|0x00000000ef500000, 0x00000000ef600000, 0x00000000ef600000|100%| E|CS|TAMS 0x00000000ef500000, 0x00000000ef500000| Complete 
| 246|0x00000000ef600000, 0x00000000ef700000, 0x00000000ef700000|100%| E|CS|TAMS 0x00000000ef600000, 0x00000000ef600000| Complete 
| 247|0x00000000ef700000, 0x00000000ef800000, 0x00000000ef800000|100%| E|CS|TAMS 0x00000000ef700000, 0x00000000ef700000| Complete 
| 248|0x00000000ef800000, 0x00000000ef900000, 0x00000000ef900000|100%| E|CS|TAMS 0x00000000ef800000, 0x00000000ef800000| Complete 
| 249|0x00000000ef900000, 0x00000000efa00000, 0x00000000efa00000|100%| E|CS|TAMS 0x00000000ef900000, 0x00000000ef900000| Complete 
| 250|0x00000000efa00000, 0x00000000efb00000, 0x00000000efb00000|100%| E|CS|TAMS 0x00000000efa00000, 0x00000000efa00000| Complete 
| 251|0x00000000efb00000, 0x00000000efc00000, 0x00000000efc00000|100%| E|CS|TAMS 0x00000000efb00000, 0x00000000efb00000| Complete 
| 252|0x00000000efc00000, 0x00000000efd00000, 0x00000000efd00000|100%| E|CS|TAMS 0x00000000efc00000, 0x00000000efc00000| Complete 
| 253|0x00000000efd00000, 0x00000000efe00000, 0x00000000efe00000|100%| E|CS|TAMS 0x00000000efd00000, 0x00000000efd00000| Complete 
| 254|0x00000000efe00000, 0x00000000eff00000, 0x00000000eff00000|100%| E|CS|TAMS 0x00000000efe00000, 0x00000000efe00000| Complete 
| 255|0x00000000eff00000, 0x00000000f0000000, 0x00000000f0000000|100%| E|CS|TAMS 0x00000000eff00000, 0x00000000eff00000| Complete 

Card table byte_map: [0x0000024cf9f00000,0x0000024cfa000000] _byte_map_base: 0x0000024cf9800000

Marking Bits (Prev, Next): (CMBitMap*) 0x0000024cf7b0dbe0, (CMBitMap*) 0x0000024cf7b0dba8
 Prev Bits: [0x0000024cfa900000, 0x0000024cfb100000)
 Next Bits: [0x0000024cfa100000, 0x0000024cfa900000)

Polling page: 0x0000024cf7bc0000

Metaspace:

Usage:
  Non-class:     68.82 MB capacity,    67.10 MB ( 98%) used,     1.43 MB (  2%) free+waste,   293.44 KB ( <1%) overhead. 
      Class:     11.19 MB capacity,    10.09 MB ( 90%) used,   983.67 KB (  9%) free+waste,   142.13 KB (  1%) overhead. 
       Both:     80.01 MB capacity,    77.20 MB ( 96%) used,     2.39 MB (  3%) free+waste,   435.56 KB ( <1%) overhead. 

Virtual space:
  Non-class space:       70.00 MB reserved,      68.88 MB ( 98%) committed 
      Class space:      376.00 MB reserved,      11.32 MB (  3%) committed 
             Both:      446.00 MB reserved,      80.20 MB ( 18%) committed 

Chunk freelists:
   Non-Class:  7.75 KB
       Class:  3.25 KB
        Both:  11.00 KB

CodeHeap 'non-profiled nmethods': size=120000Kb used=5992Kb max_used=5992Kb free=114008Kb
 bounds [0x0000024c8f020000, 0x0000024c8f600000, 0x0000024c96550000]
CodeHeap 'profiled nmethods': size=120000Kb used=21476Kb max_used=21476Kb free=98523Kb
 bounds [0x0000024c87af0000, 0x0000024c88ff0000, 0x0000024c8f020000]
CodeHeap 'non-nmethods': size=5760Kb used=2304Kb max_used=2355Kb free=3455Kb
 bounds [0x0000024c87550000, 0x0000024c877c0000, 0x0000024c87af0000]
 total_blobs=11692 nmethods=10801 adapters=801
 compilation: enabled
              stopped_count=0, restarted_count=0
 full_count=0

Compilation events (10 events):
Event: 58.729 Thread 0x0000024cfe434800 11090       2       org.codehaus.groovy.ast.expr.MethodCallExpression::setGenericsTypes (26 bytes)
Event: 58.729 Thread 0x0000024cfe434800 nmethod 11090 0x0000024c88fd6f10 code [0x0000024c88fd70a0, 0x0000024c88fd7218]
Event: 58.733 Thread 0x0000024cfe434800 11091       2       java.util.zip.ZipFile$Source$Key::equals (80 bytes)
Event: 58.734 Thread 0x0000024cfe434800 nmethod 11091 0x0000024c88fd7290 code [0x0000024c88fd74a0, 0x0000024c88fd78e8]
Event: 58.734 Thread 0x0000024cfe434800 11092       2       java.lang.ClassLoader::getParent (32 bytes)
Event: 58.735 Thread 0x0000024cfe434800 nmethod 11092 0x0000024c88fd7b90 code [0x0000024c88fd7d60, 0x0000024c88fd8038]
Event: 58.738 Thread 0x0000024cfe434800 11093       2       groovyjarjarasm.asm.AnnotationVisitor::<init> (7 bytes)
Event: 58.739 Thread 0x0000024cfe434800 nmethod 11093 0x0000024c88fd8210 code [0x0000024c88fd83a0, 0x0000024c88fd84c8]
Event: 58.739 Thread 0x0000024cfe434800 11094       2       groovyjarjarasm.asm.AnnotationVisitor::<init> (94 bytes)
Event: 58.740 Thread 0x0000024cfe434800 nmethod 11094 0x0000024c88fd8590 code [0x0000024c88fd87a0, 0x0000024c88fd8cc8]

GC Heap History (10 events):
Event: 25.911 GC heap before
{Heap before GC invocations=8 (full 0):
 garbage-first heap   total 262144K, used 190893K [0x00000000e0000000, 0x0000000100000000)
  region size 1024K, 153 young (156672K), 8 survivors (8192K)
 Metaspace       used 58121K, capacity 59808K, committed 59856K, reserved 438272K
  class space    used 7560K, capacity 8250K, committed 8268K, reserved 385024K
}
Event: 25.927 GC heap after
{Heap after GC invocations=9 (full 0):
 garbage-first heap   total 262144K, used 45951K [0x00000000e0000000, 0x0000000100000000)
  region size 1024K, 13 young (13312K), 13 survivors (13312K)
 Metaspace       used 58121K, capacity 59808K, committed 59856K, reserved 438272K
  class space    used 7560K, capacity 8250K, committed 8268K, reserved 385024K
}
Event: 26.312 GC heap before
{Heap before GC invocations=9 (full 0):
 garbage-first heap   total 262144K, used 55167K [0x00000000e0000000, 0x0000000100000000)
  region size 1024K, 23 young (23552K), 13 survivors (13312K)
 Metaspace       used 58763K, capacity 60415K, committed 60496K, reserved 438272K
  class space    used 7656K, capacity 8346K, committed 8396K, reserved 385024K
}
Event: 26.329 GC heap after
{Heap after GC invocations=10 (full 0):
 garbage-first heap   total 262144K, used 46340K [0x00000000e0000000, 0x0000000100000000)
  region size 1024K, 6 young (6144K), 6 survivors (6144K)
 Metaspace       used 58763K, capacity 60415K, committed 60496K, reserved 438272K
  class space    used 7656K, capacity 8346K, committed 8396K, reserved 385024K
}
Event: 42.137 GC heap before
{Heap before GC invocations=11 (full 0):
 garbage-first heap   total 262144K, used 196868K [0x00000000e0000000, 0x0000000100000000)
  region size 1024K, 153 young (156672K), 6 survivors (6144K)
 Metaspace       used 70300K, capacity 72605K, committed 72912K, reserved 448512K
  class space    used 9311K, capacity 10239K, committed 10316K, reserved 385024K
}
Event: 42.155 GC heap after
{Heap after GC invocations=12 (full 0):
 garbage-first heap   total 262144K, used 55388K [0x00000000e0000000, 0x0000000100000000)
  region size 1024K, 15 young (15360K), 15 survivors (15360K)
 Metaspace       used 70300K, capacity 72605K, committed 72912K, reserved 448512K
  class space    used 9311K, capacity 10239K, committed 10316K, reserved 385024K
}
Event: 48.710 GC heap before
{Heap before GC invocations=12 (full 0):
 garbage-first heap   total 262144K, used 195676K [0x00000000e0000000, 0x0000000100000000)
  region size 1024K, 153 young (156672K), 15 survivors (15360K)
 Metaspace       used 73204K, capacity 75642K, committed 75728K, reserved 450560K
  class space    used 9526K, capacity 10490K, committed 10572K, reserved 385024K
}
Event: 48.737 GC heap after
{Heap after GC invocations=13 (full 0):
 garbage-first heap   total 262144K, used 63750K [0x00000000e0000000, 0x0000000100000000)
  region size 1024K, 18 young (18432K), 18 survivors (18432K)
 Metaspace       used 73204K, capacity 75642K, committed 75728K, reserved 450560K
  class space    used 9526K, capacity 10490K, committed 10572K, reserved 385024K
}
Event: 52.831 GC heap before
{Heap before GC invocations=13 (full 0):
 garbage-first heap   total 262144K, used 201990K [0x00000000e0000000, 0x0000000100000000)
  region size 1024K, 153 young (156672K), 18 survivors (18432K)
 Metaspace       used 76009K, capacity 78552K, committed 78672K, reserved 454656K
  class space    used 9865K, capacity 10904K, committed 10956K, reserved 385024K
}
Event: 52.857 GC heap after
{Heap after GC invocations=14 (full 0):
 garbage-first heap   total 262144K, used 65570K [0x00000000e0000000, 0x0000000100000000)
  region size 1024K, 11 young (11264K), 11 survivors (11264K)
 Metaspace       used 76009K, capacity 78552K, committed 78672K, reserved 454656K
  class space    used 9865K, capacity 10904K, committed 10956K, reserved 385024K
}

Deoptimization events (10 events):
Event: 54.225 Thread 0x0000024c96c8d800 Uncommon trap: reason=class_check action=maybe_recompile pc=0x0000024c8f5c3cd8 method=java.io.ObjectOutputStream$BlockDataOutputStream.drain()V @ 36 c2
Event: 54.225 Thread 0x0000024c96c8d800 Uncommon trap: reason=unstable_if action=reinterpret pc=0x0000024c8f153358 method=java.util.Objects.equals(Ljava/lang/Object;Ljava/lang/Object;)Z @ 6 c2
Event: 54.230 Thread 0x0000024c96c8d800 Uncommon trap: reason=unstable_if action=reinterpret pc=0x0000024c8f5b8f30 method=java.io.ObjectOutputStream.writeClassDesc(Ljava/io/ObjectStreamClass;Z)V @ 41 c2
Event: 54.362 Thread 0x0000024c97579800 Uncommon trap: reason=unstable_if action=reinterpret pc=0x0000024c8f5c5c44 method=com.esotericsoftware.kryo.io.Output.writeBytes([BII)V @ 61 c2
Event: 54.367 Thread 0x0000024c97579800 Uncommon trap: reason=unstable_if action=reinterpret pc=0x0000024c8f5d663c method=java.io.ObjectStreamField.isPrimitive()Z @ 14 c2
Event: 54.885 Thread 0x0000024c96c8d800 Uncommon trap: reason=speculate_class_check action=maybe_recompile pc=0x0000024c8f5a2580 method=jdk.internal.reflect.UnsafeQualifiedObjectFieldAccessorImpl.get(Ljava/lang/Object;)Ljava/lang/Object; @ 13 c2
Event: 54.885 Thread 0x0000024c96c8d800 Uncommon trap: reason=speculate_class_check action=maybe_recompile pc=0x0000024c8f5a2580 method=jdk.internal.reflect.UnsafeQualifiedObjectFieldAccessorImpl.get(Ljava/lang/Object;)Ljava/lang/Object; @ 13 c2
Event: 54.885 Thread 0x0000024c96c8d800 Uncommon trap: reason=speculate_class_check action=maybe_recompile pc=0x0000024c8f5a2580 method=jdk.internal.reflect.UnsafeQualifiedObjectFieldAccessorImpl.get(Ljava/lang/Object;)Ljava/lang/Object; @ 13 c2
Event: 54.885 Thread 0x0000024c96c8d800 Uncommon trap: reason=speculate_class_check action=maybe_recompile pc=0x0000024c8f5a2580 method=jdk.internal.reflect.UnsafeQualifiedObjectFieldAccessorImpl.get(Ljava/lang/Object;)Ljava/lang/Object; @ 13 c2
Event: 55.884 Thread 0x0000024c96c3a800 Uncommon trap: reason=unstable_if action=reinterpret pc=0x0000024c8f424244 method=com.esotericsoftware.kryo.io.Input.require(I)I @ 180 c2

Classes redefined (0 events):
No events

Internal exceptions (10 events):
Event: 54.346 Thread 0x0000024c97579800 Exception <a 'java/lang/NoSuchMethodError'{0x00000000ecf0ad20}: static Lorg/gradle/internal/classloader/ClassLoaderSpec;.<clinit>()V> (0x00000000ecf0ad20) thrown at [./open/src/hotspot/share/prims/jni.cpp, line 1366]
Event: 54.347 Thread 0x0000024c97579800 Exception <a 'java/lang/NoSuchMethodError'{0x00000000ecf17ac8}: static Lorg/gradle/internal/classloader/VisitableURLClassLoader$Spec;.<clinit>()V> (0x00000000ecf17ac8) thrown at [./open/src/hotspot/share/prims/jni.cpp, line 1366]
Event: 54.368 Thread 0x0000024c97579800 Exception <a 'java/lang/NoSuchMethodError'{0x00000000ecfaf3a0}: static [Ljava/net/URL;.<clinit>()V> (0x00000000ecfaf3a0) thrown at [./open/src/hotspot/share/prims/jni.cpp, line 1366]
Event: 54.370 Thread 0x0000024c96c8d800 Exception <a 'java/lang/NoSuchMethodError'{0x00000000ecf48218}: java.lang.invoke.DirectMethodHandle$Holder.invokeSpecial(Ljava/lang/Object;Ljava/lang/Object;I)V> (0x00000000ecf48218) thrown at [./open/src/hotspot/share/interpreter/linkResolver.cpp, line 7
Event: 54.378 Thread 0x0000024c97579800 Exception <a 'java/lang/NoSuchMethodError'{0x00000000ecfbaa10}: static [B.<clinit>()V> (0x00000000ecfbaa10) thrown at [./open/src/hotspot/share/prims/jni.cpp, line 1366]
Event: 54.546 Thread 0x0000024c96c8d800 Exception <a 'java/lang/NoSuchMethodError'{0x00000000ecf6cd20}: java.lang.invoke.DirectMethodHandle$Holder.invokeStatic(Ljava/lang/Object;Ljava/lang/Object;Ljava/lang/Object;Ljava/lang/Object;ILjava/lang/Object;)Ljava/lang/Object;> (0x00000000ecf6cd20) th
Event: 54.546 Thread 0x0000024c96c8d800 Exception <a 'java/lang/NoSuchMethodError'{0x00000000ecf70828}: java.lang.invoke.Invokers$Holder.linkToTargetMethod(Ljava/lang/Object;Ljava/lang/Object;Ljava/lang/Object;ILjava/lang/Object;Ljava/lang/Object;)Ljava/lang/Object;> (0x00000000ecf70828) thrown
Event: 58.694 Thread 0x0000024cfe538000 Exception <a 'sun/nio/fs/WindowsException'{0x00000000eb184e38}> (0x00000000eb184e38) thrown at [./open/src/hotspot/share/prims/jni.cpp, line 611]
Event: 58.696 Thread 0x0000024cfe538000 Exception <a 'sun/nio/fs/WindowsException'{0x00000000eb1920c8}> (0x00000000eb1920c8) thrown at [./open/src/hotspot/share/prims/jni.cpp, line 611]
Event: 58.697 Thread 0x0000024cfe538000 Exception <a 'sun/nio/fs/WindowsException'{0x00000000eb192240}> (0x00000000eb192240) thrown at [./open/src/hotspot/share/prims/jni.cpp, line 611]

Events (10 events):
Event: 58.670 loading class org/gradle/tooling/provider/model/ToolingModelBuilder
Event: 58.670 loading class org/gradle/tooling/provider/model/ToolingModelBuilder done
Event: 58.671 loading class org/gradle/tooling/provider/model/ToolingModelBuilderRegistry
Event: 58.671 loading class org/gradle/tooling/provider/model/ToolingModelBuilderRegistry done
Event: 58.671 loading class javax/inject/Inject
Event: 58.671 loading class javax/inject/Inject done
Event: 58.736 Thread 0x0000024c96c8d800 DEOPT PACKING pc=0x0000024c88090601 sp=0x000000fbc70f8fc0
Event: 58.737 Thread 0x0000024c96c8d800 DEOPT UNPACKING pc=0x0000024c87577c0e sp=0x000000fbc70f84b8 mode 0
Event: 58.745 Executing VM operation: RevokeBias
Event: 58.745 Executing VM operation: RevokeBias done


Dynamic libraries:
0x00007ff6a8d40000 - 0x00007ff6a8d4f000 	C:\Program Files\Java\jdk-11.0.13\bin\java.exe
0x00007ffa5eb50000 - 0x00007ffa5ed64000 	C:\WINDOWS\SYSTEM32\ntdll.dll
0x00007ffa5e0a0000 - 0x00007ffa5e162000 	C:\WINDOWS\System32\KERNEL32.DLL
0x00007ffa5c460000 - 0x00007ffa5c803000 	C:\WINDOWS\System32\KERNELBASE.dll
0x00007ffa5c810000 - 0x00007ffa5c921000 	C:\WINDOWS\System32\ucrtbase.dll
0x00007ffa32ae0000 - 0x00007ffa32af8000 	C:\Program Files\Java\jdk-11.0.13\bin\jli.dll
0x00007ffa32ac0000 - 0x00007ffa32ad5000 	C:\Program Files\Java\jdk-11.0.13\bin\VCRUNTIME140.dll
0x00007ffa5cac0000 - 0x00007ffa5cb6e000 	C:\WINDOWS\System32\ADVAPI32.dll
0x00007ffa5dd40000 - 0x00007ffa5dde7000 	C:\WINDOWS\System32\msvcrt.dll
0x00007ffa5d080000 - 0x00007ffa5d124000 	C:\WINDOWS\System32\sechost.dll
0x00007ffa5e6a0000 - 0x00007ffa5e7b7000 	C:\WINDOWS\System32\RPCRT4.dll
0x00007ffa5d930000 - 0x00007ffa5dadb000 	C:\WINDOWS\System32\USER32.dll
0x00007ffa5c430000 - 0x00007ffa5c456000 	C:\WINDOWS\System32\win32u.dll
0x00007ffa5cb70000 - 0x00007ffa5cb99000 	C:\WINDOWS\System32\GDI32.dll
0x00007ffa5c130000 - 0x00007ffa5c249000 	C:\WINDOWS\System32\gdi32full.dll
0x00007ffa5c250000 - 0x00007ffa5c2ea000 	C:\WINDOWS\System32\msvcp_win.dll
0x00007ffa44240000 - 0x00007ffa444ce000 	C:\WINDOWS\WinSxS\amd64_microsoft.windows.common-controls_6595b64144ccf1df_6.0.22621.1635_none_270f70857386168e\COMCTL32.dll
0x00007ffa4e850000 - 0x00007ffa4e85a000 	C:\WINDOWS\SYSTEM32\VERSION.dll
0x00007ffa5e7e0000 - 0x00007ffa5e811000 	C:\WINDOWS\System32\IMM32.DLL
0x00007ffa32170000 - 0x00007ffa3220b000 	C:\Program Files\Java\jdk-11.0.13\bin\msvcp140.dll
0x00007ff9be900000 - 0x00007ff9bf413000 	C:\Program Files\Java\jdk-11.0.13\bin\server\jvm.dll
0x00007ffa5dc30000 - 0x00007ffa5dc38000 	C:\WINDOWS\System32\PSAPI.DLL
0x00007ffa158c0000 - 0x00007ffa158c9000 	C:\WINDOWS\SYSTEM32\WSOCK32.dll
0x00007ffa5c940000 - 0x00007ffa5c9b1000 	C:\WINDOWS\System32\WS2_32.dll
0x00007ffa59790000 - 0x00007ffa597c4000 	C:\WINDOWS\SYSTEM32\WINMM.dll
0x00007ffa5b010000 - 0x00007ffa5b028000 	C:\WINDOWS\SYSTEM32\kernel.appcore.dll
0x00007ffa32ce0000 - 0x00007ffa32cf0000 	C:\Program Files\Java\jdk-11.0.13\bin\verify.dll
0x00007ffa59440000 - 0x00007ffa5966e000 	C:\WINDOWS\SYSTEM32\DBGHELP.DLL
0x00007ffa5e310000 - 0x00007ffa5e699000 	C:\WINDOWS\System32\combase.dll
0x00007ffa5db00000 - 0x00007ffa5dbd7000 	C:\WINDOWS\System32\OLEAUT32.dll
0x00007ffa59750000 - 0x00007ffa59782000 	C:\WINDOWS\SYSTEM32\dbgcore.DLL
0x00007ffa5c3b0000 - 0x00007ffa5c42b000 	C:\WINDOWS\System32\bcryptPrimitives.dll
0x00007ffa0eb10000 - 0x00007ffa0eb38000 	C:\Program Files\Java\jdk-11.0.13\bin\java.dll
0x00007ffa32b80000 - 0x00007ffa32b8a000 	C:\Program Files\Java\jdk-11.0.13\bin\jimage.dll
0x00007ffa324c0000 - 0x00007ffa324ce000 	C:\Program Files\Java\jdk-11.0.13\bin\instrument.dll
0x00007ffa32aa0000 - 0x00007ffa32ab6000 	C:\Program Files\Java\jdk-11.0.13\bin\zip.dll
0x00007ffa5d130000 - 0x00007ffa5d92a000 	C:\WINDOWS\System32\SHELL32.dll
0x00007ffa59ed0000 - 0x00007ffa5a79e000 	C:\WINDOWS\SYSTEM32\windows.storage.dll
0x00007ffa59d90000 - 0x00007ffa59ece000 	C:\WINDOWS\SYSTEM32\wintypes.dll
0x00007ffa5ea10000 - 0x00007ffa5eb01000 	C:\WINDOWS\System32\SHCORE.dll
0x00007ffa5ddf0000 - 0x00007ffa5de4e000 	C:\WINDOWS\System32\shlwapi.dll
0x00007ffa5be80000 - 0x00007ffa5bea1000 	C:\WINDOWS\SYSTEM32\profapi.dll
0x00007ffa32110000 - 0x00007ffa32129000 	C:\Program Files\Java\jdk-11.0.13\bin\net.dll
0x00007ffa51bc0000 - 0x00007ffa51cf7000 	C:\WINDOWS\SYSTEM32\WINHTTP.dll
0x00007ffa5b500000 - 0x00007ffa5b569000 	C:\WINDOWS\system32\mswsock.dll
0x00007ffa320f0000 - 0x00007ffa32102000 	C:\Program Files\Java\jdk-11.0.13\bin\nio.dll
0x00007ffa07080000 - 0x00007ffa070a7000 	C:\Users\fael_\.gradle\native\68d5fa5c4cc2d200863cafc0d521ce42e7d3e7ee720ec0a83991735586a16f82\windows-amd64\native-platform.dll
0x00007ff9e4570000 - 0x00007ff9e46b4000 	C:\Users\fael_\.gradle\native\e376f236ea51e6404a007f0833ffe2c6e607c4080706a723a18a27aeea778392\windows-amd64\native-platform-file-events.dll
0x00007ffa31770000 - 0x00007ffa31779000 	C:\Program Files\Java\jdk-11.0.13\bin\management.dll
0x00007ffa31560000 - 0x00007ffa3156b000 	C:\Program Files\Java\jdk-11.0.13\bin\management_ext.dll
0x00007ffa5b760000 - 0x00007ffa5b77b000 	C:\WINDOWS\SYSTEM32\CRYPTSP.dll
0x00007ffa5af50000 - 0x00007ffa5af85000 	C:\WINDOWS\system32\rsaenh.dll
0x00007ffa5b600000 - 0x00007ffa5b628000 	C:\WINDOWS\SYSTEM32\USERENV.dll
0x00007ffa5b900000 - 0x00007ffa5b928000 	C:\WINDOWS\SYSTEM32\bcrypt.dll
0x00007ffa5b780000 - 0x00007ffa5b78c000 	C:\WINDOWS\SYSTEM32\CRYPTBASE.dll
0x00007ffa5aa00000 - 0x00007ffa5aa2d000 	C:\WINDOWS\SYSTEM32\IPHLPAPI.DLL
0x00007ffa5c930000 - 0x00007ffa5c939000 	C:\WINDOWS\System32\NSI.dll
0x00007ffa51ee0000 - 0x00007ffa51ef9000 	C:\WINDOWS\SYSTEM32\dhcpcsvc6.DLL
0x00007ffa51ec0000 - 0x00007ffa51edf000 	C:\WINDOWS\SYSTEM32\dhcpcsvc.DLL
0x00007ffa5aa70000 - 0x00007ffa5ab63000 	C:\WINDOWS\SYSTEM32\DNSAPI.dll
0x00007ffa0d910000 - 0x00007ffa0d935000 	C:\Program Files\Java\jdk-11.0.13\bin\sunec.dll
0x00007ffa4e860000 - 0x00007ffa4e86a000 	C:\Windows\System32\rasadhlp.dll
0x00007ffa4e3e0000 - 0x00007ffa4e464000 	C:\WINDOWS\System32\fwpuclnt.dll
0x00007ffa324b0000 - 0x00007ffa324bd000 	C:\Program Files\Java\jdk-11.0.13\bin\sunmscapi.dll
0x00007ffa5bf50000 - 0x00007ffa5c0b7000 	C:\WINDOWS\System32\CRYPT32.dll
0x00007ffa5b8d0000 - 0x00007ffa5b8fe000 	C:\WINDOWS\SYSTEM32\ncrypt.dll
0x00007ffa5b890000 - 0x00007ffa5b8c7000 	C:\WINDOWS\SYSTEM32\NTASN1.dll

dbghelp: loaded successfully - version: 4.0.5 - missing functions: none
symbol engine: initialized successfully - sym options: 0x614 - pdb path: .;C:\Program Files\Java\jdk-11.0.13\bin;C:\WINDOWS\SYSTEM32;C:\WINDOWS\WinSxS\amd64_microsoft.windows.common-controls_6595b64144ccf1df_6.0.22621.1635_none_270f70857386168e;C:\Program Files\Java\jdk-11.0.13\bin\server;C:\Users\fael_\.gradle\native\68d5fa5c4cc2d200863cafc0d521ce42e7d3e7ee720ec0a83991735586a16f82\windows-amd64;C:\Users\fael_\.gradle\native\e376f236ea51e6404a007f0833ffe2c6e607c4080706a723a18a27aeea778392\windows-amd64

VM Arguments:
jvm_args: --add-opens=java.base/java.util=ALL-UNNAMED --add-opens=java.base/java.lang=ALL-UNNAMED --add-opens=java.base/java.lang.invoke=ALL-UNNAMED --add-opens=java.prefs/java.util.prefs=ALL-UNNAMED --add-opens=java.base/java.nio.charset=ALL-UNNAMED --add-opens=java.base/java.net=ALL-UNNAMED --add-opens=java.base/java.util.concurrent.atomic=ALL-UNNAMED -XX:MaxMetaspaceSize=384m -XX:+HeapDumpOnOutOfMemoryError -Xms256m -Xmx512m -Dfile.encoding=utf8 -Duser.country=BR -Duser.language=pt -Duser.variant -javaagent:C:\Users\fael_\.gradle\wrapper\dists\gradle-8.1.1-bin\9wiye5v2saajue4irfo8ybqfp\gradle-8.1.1\lib\agents\gradle-instrumentation-agent-8.1.1.jar 
java_command: org.gradle.launcher.daemon.bootstrap.GradleDaemon 8.1.1
java_class_path (initial): C:\Users\fael_\.gradle\wrapper\dists\gradle-8.1.1-bin\9wiye5v2saajue4irfo8ybqfp\gradle-8.1.1\lib\gradle-launcher-8.1.1.jar
Launcher Type: SUN_STANDARD

[Global flags]
     intx CICompilerCount                          = 4                                         {product} {ergonomic}
   size_t CompressedClassSpaceSize                 = 394264576                                 {product} {ergonomic}
     uint ConcGCThreads                            = 2                                         {product} {ergonomic}
     uint G1ConcRefinementThreads                  = 8                                         {product} {ergonomic}
   size_t G1HeapRegionSize                         = 1048576                                   {product} {ergonomic}
    uintx GCDrainStackTargetSize                   = 64                                        {product} {ergonomic}
     bool HeapDumpOnOutOfMemoryError               = true                                   {manageable} {command line}
   size_t InitialHeapSize                          = 268435456                                 {product} {command line}
   size_t MarkStackSize                            = 4194304                                   {product} {ergonomic}
   size_t MaxHeapSize                              = 536870912                                 {product} {command line}
   size_t MaxMetaspaceSize                         = 402653184                                 {product} {command line}
   size_t MaxNewSize                               = 321912832                                 {product} {ergonomic}
   size_t MinHeapDeltaBytes                        = 1048576                                   {product} {ergonomic}
    uintx NonNMethodCodeHeapSize                   = 5836300                                {pd product} {ergonomic}
    uintx NonProfiledCodeHeapSize                  = 122910970                              {pd product} {ergonomic}
    uintx ProfiledCodeHeapSize                     = 122910970                              {pd product} {ergonomic}
    uintx ReservedCodeCacheSize                    = 251658240                              {pd product} {ergonomic}
     bool SegmentedCodeCache                       = true                                      {product} {ergonomic}
     bool UseCompressedClassPointers               = true                                 {lp64_product} {ergonomic}
     bool UseCompressedOops                        = true                                 {lp64_product} {ergonomic}
     bool UseG1GC                                  = true                                      {product} {ergonomic}
     bool UseLargePagesIndividualAllocation        = false                                  {pd product} {ergonomic}

Logging:
Log output configuration:
 #0: stdout all=warning uptime,level,tags
 #1: stderr all=off uptime,level,tags

Environment Variables:
JAVA_HOME=C:\Program Files\Java\jdk-11.0.13
PATH=C:\Program Files\Microsoft\jdk-11.0.16.101-hotspot\bin;C:\Program Files\Microsoft MPI\Bin\;C:\Windows\system32;C:\Windows;C:\Windows\System32\Wbem;C:\Windows\System32\WindowsPowerShell\v1.0\;C:\Windows\System32\OpenSSH\;C:\Program Files\dotnet\;C:\Program Files\Microsoft SQL Server\Client SDK\ODBC\170\Tools\Binn\;C:\ProgramData\chocolatey\bin;C:\Program Files\Git\cmd;C:\HashiCorp\Vagrant\bin;C:\maven\bin;C:\Program Files\Microsoft SQL Server\150\Tools\Binn\;C:\Program Files (x86)\Microsoft SQL Server\150\Tools\Binn\;C:\Program Files\Microsoft SQL Server\150\DTS\Binn\;C:\Program Files\nodejs\;C:\Program Files (x86)\Microsoft SQL Server\160\DTS\Binn\;C:\Program Files\Azure Data Studio\bin;C:\WINDOWS\system32;C:\WINDOWS;C:\WINDOWS\System32\Wbem;C:\WINDOWS\System32\WindowsPowerShell\v1.0\;C:\WINDOWS\System32\OpenSSH\;C:\Program Files\GitHub CLI\;C:\Program Files\Docker\Docker\resources\bin;C:\Program Files\PowerShell\7\;C:\Program Files\PowerShell\7-preview\preview;C:\Users\fael_\AppData\Local\Microsoft\WindowsApps;C:\Users\fael_\AppData\Local\Programs\Microsoft VS Code\bin;C:\Users\fael_\.dotnet\tools;C:\Program Files\Oracle\VirtualBox;C:\Users\fael_\AppData\Roaming\npm;C:\Users\fael_\AppData\Local\Programs\Azure Data Studio\bin;C:\Gradle\gradle-8.1.1\bin;C:\Program Files\MongoDB\Server\6.0\bin
USERNAME=fael_
OS=Windows_NT
PROCESSOR_IDENTIFIER=Intel64 Family 6 Model 140 Stepping 1, GenuineIntel



---------------  S Y S T E M  ---------------

OS: Windows 10 , 64 bit Build 22621 (10.0.22621.1778)
Hyper-V role detected

CPU:total 8 (initial active 8) (4 cores per cpu, 2 threads per core) family 6 model 140 stepping 1 microcode 0xa4, cmov, cx8, fxsr, mmx, sse, sse2, sse3, ssse3, sse4.1, sse4.2, popcnt, avx, avx2, aes, clmul, erms, 3dnowpref, lzcnt, ht, tsc, tscinvbit, bmi1, bmi2, adx, evex, sha, fma

Memory: 4k page, system-wide physical 7918M (126M free)
TotalPageFile size 23958M (AvailPageFile size 6M)
current process WorkingSet (physical memory assigned to process): 390M, peak: 425M
current process commit charge ("private bytes"): 517M, peak: 527M

vm_info: Java HotSpot(TM) 64-Bit Server VM (11.0.13+10-LTS-370) for windows-amd64 JRE (11.0.13+10-LTS-370), built on Sep 15 2021 22:10:36 by "mach5one" with MS VC++ 15.9 (VS2017)

END.
